2024-05-07 19:21:40,721 [Worker-2: Loading available Gradle versions] INFO  o.e.b.c.i.u.g.PublishedGradleVersions - Gradle version information cache is up-to-date. Trying to read.
2024-05-07 19:22:22,256 [Worker-3: Launching mavenrun-d2cf34d7-15e6-4784-a360-7b93f9458e3d] INFO  o.eclipse.m2e.core.internal.Bundles - getClasspathEntries(Bundle=org.eclipse.m2e.maven.runtime_3.9.601.20240411-1122 [299])
2024-05-07 19:22:22,261 [Worker-3: Launching mavenrun-d2cf34d7-15e6-4784-a360-7b93f9458e3d] INFO  o.eclipse.m2e.core.internal.Bundles - 	Entry: C:\Users\lenovo\.p2\pool\plugins\org.eclipse.m2e.maven.runtime_3.9.601.20240411-1122
2024-05-07 19:22:22,261 [Worker-3: Launching mavenrun-d2cf34d7-15e6-4784-a360-7b93f9458e3d] INFO  o.eclipse.m2e.core.internal.Bundles - 	Entry: C:\Users\lenovo\.p2\pool\plugins\org.eclipse.m2e.maven.runtime_3.9.601.20240411-1122\jars\aopalliance-1.0.jar
2024-05-07 19:22:22,262 [Worker-3: Launching mavenrun-d2cf34d7-15e6-4784-a360-7b93f9458e3d] INFO  o.eclipse.m2e.core.internal.Bundles - 	Entry: C:\Users\lenovo\.p2\pool\plugins\org.eclipse.m2e.maven.runtime_3.9.601.20240411-1122\jars\guice-5.1.0.jar
2024-05-07 19:22:22,263 [Worker-3: Launching mavenrun-d2cf34d7-15e6-4784-a360-7b93f9458e3d] INFO  o.eclipse.m2e.core.internal.Bundles - 	Entry: C:\Users\lenovo\.p2\pool\plugins\org.eclipse.m2e.maven.runtime_3.9.601.20240411-1122\jars\httpclient-4.5.14.jar
2024-05-07 19:22:22,263 [Worker-3: Launching mavenrun-d2cf34d7-15e6-4784-a360-7b93f9458e3d] INFO  o.eclipse.m2e.core.internal.Bundles - 	Entry: C:\Users\lenovo\.p2\pool\plugins\org.eclipse.m2e.maven.runtime_3.9.601.20240411-1122\jars\httpcore-4.4.16.jar
2024-05-07 19:22:22,263 [Worker-3: Launching mavenrun-d2cf34d7-15e6-4784-a360-7b93f9458e3d] INFO  o.eclipse.m2e.core.internal.Bundles - 	Entry: C:\Users\lenovo\.p2\pool\plugins\org.eclipse.m2e.maven.runtime_3.9.601.20240411-1122\jars\jansi-2.4.0.jar
2024-05-07 19:22:22,264 [Worker-3: Launching mavenrun-d2cf34d7-15e6-4784-a360-7b93f9458e3d] INFO  o.eclipse.m2e.core.internal.Bundles - 	Entry: C:\Users\lenovo\.p2\pool\plugins\org.eclipse.m2e.maven.runtime_3.9.601.20240411-1122\jars\jcl-over-slf4j-1.7.36.jar
2024-05-07 19:22:22,264 [Worker-3: Launching mavenrun-d2cf34d7-15e6-4784-a360-7b93f9458e3d] INFO  o.eclipse.m2e.core.internal.Bundles - 	Entry: C:\Users\lenovo\.p2\pool\plugins\org.eclipse.m2e.maven.runtime_3.9.601.20240411-1122\jars\maven-artifact-3.9.6.jar
2024-05-07 19:22:22,265 [Worker-3: Launching mavenrun-d2cf34d7-15e6-4784-a360-7b93f9458e3d] INFO  o.eclipse.m2e.core.internal.Bundles - 	Entry: C:\Users\lenovo\.p2\pool\plugins\org.eclipse.m2e.maven.runtime_3.9.601.20240411-1122\jars\maven-builder-support-3.9.6.jar
2024-05-07 19:22:22,265 [Worker-3: Launching mavenrun-d2cf34d7-15e6-4784-a360-7b93f9458e3d] INFO  o.eclipse.m2e.core.internal.Bundles - 	Entry: C:\Users\lenovo\.p2\pool\plugins\org.eclipse.m2e.maven.runtime_3.9.601.20240411-1122\jars\maven-compat-3.9.6.jar
2024-05-07 19:22:22,265 [Worker-3: Launching mavenrun-d2cf34d7-15e6-4784-a360-7b93f9458e3d] INFO  o.eclipse.m2e.core.internal.Bundles - 	Entry: C:\Users\lenovo\.p2\pool\plugins\org.eclipse.m2e.maven.runtime_3.9.601.20240411-1122\jars\maven-core-3.9.6.jar
2024-05-07 19:22:22,266 [Worker-3: Launching mavenrun-d2cf34d7-15e6-4784-a360-7b93f9458e3d] INFO  o.eclipse.m2e.core.internal.Bundles - 	Entry: C:\Users\lenovo\.p2\pool\plugins\org.eclipse.m2e.maven.runtime_3.9.601.20240411-1122\jars\maven-embedder-3.9.6.jar
2024-05-07 19:22:22,266 [Worker-3: Launching mavenrun-d2cf34d7-15e6-4784-a360-7b93f9458e3d] INFO  o.eclipse.m2e.core.internal.Bundles - 	Entry: C:\Users\lenovo\.p2\pool\plugins\org.eclipse.m2e.maven.runtime_3.9.601.20240411-1122\jars\maven-model-3.9.6.jar
2024-05-07 19:22:22,266 [Worker-3: Launching mavenrun-d2cf34d7-15e6-4784-a360-7b93f9458e3d] INFO  o.eclipse.m2e.core.internal.Bundles - 	Entry: C:\Users\lenovo\.p2\pool\plugins\org.eclipse.m2e.maven.runtime_3.9.601.20240411-1122\jars\maven-model-builder-3.9.6.jar
2024-05-07 19:22:22,267 [Worker-3: Launching mavenrun-d2cf34d7-15e6-4784-a360-7b93f9458e3d] INFO  o.eclipse.m2e.core.internal.Bundles - 	Entry: C:\Users\lenovo\.p2\pool\plugins\org.eclipse.m2e.maven.runtime_3.9.601.20240411-1122\jars\maven-plugin-api-3.9.6.jar
2024-05-07 19:22:22,267 [Worker-3: Launching mavenrun-d2cf34d7-15e6-4784-a360-7b93f9458e3d] INFO  o.eclipse.m2e.core.internal.Bundles - 	Entry: C:\Users\lenovo\.p2\pool\plugins\org.eclipse.m2e.maven.runtime_3.9.601.20240411-1122\jars\maven-repository-metadata-3.9.6.jar
2024-05-07 19:22:22,267 [Worker-3: Launching mavenrun-d2cf34d7-15e6-4784-a360-7b93f9458e3d] INFO  o.eclipse.m2e.core.internal.Bundles - 	Entry: C:\Users\lenovo\.p2\pool\plugins\org.eclipse.m2e.maven.runtime_3.9.601.20240411-1122\jars\maven-resolver-api-1.9.18.jar
2024-05-07 19:22:22,268 [Worker-3: Launching mavenrun-d2cf34d7-15e6-4784-a360-7b93f9458e3d] INFO  o.eclipse.m2e.core.internal.Bundles - 	Entry: C:\Users\lenovo\.p2\pool\plugins\org.eclipse.m2e.maven.runtime_3.9.601.20240411-1122\jars\maven-resolver-connector-basic-1.9.18.jar
2024-05-07 19:22:22,268 [Worker-3: Launching mavenrun-d2cf34d7-15e6-4784-a360-7b93f9458e3d] INFO  o.eclipse.m2e.core.internal.Bundles - 	Entry: C:\Users\lenovo\.p2\pool\plugins\org.eclipse.m2e.maven.runtime_3.9.601.20240411-1122\jars\maven-resolver-impl-1.9.18.jar
2024-05-07 19:22:22,268 [Worker-3: Launching mavenrun-d2cf34d7-15e6-4784-a360-7b93f9458e3d] INFO  o.eclipse.m2e.core.internal.Bundles - 	Entry: C:\Users\lenovo\.p2\pool\plugins\org.eclipse.m2e.maven.runtime_3.9.601.20240411-1122\jars\maven-resolver-named-locks-1.9.18.jar
2024-05-07 19:22:22,268 [Worker-3: Launching mavenrun-d2cf34d7-15e6-4784-a360-7b93f9458e3d] INFO  o.eclipse.m2e.core.internal.Bundles - 	Entry: C:\Users\lenovo\.p2\pool\plugins\org.eclipse.m2e.maven.runtime_3.9.601.20240411-1122\jars\maven-resolver-provider-3.9.6.jar
2024-05-07 19:22:22,269 [Worker-3: Launching mavenrun-d2cf34d7-15e6-4784-a360-7b93f9458e3d] INFO  o.eclipse.m2e.core.internal.Bundles - 	Entry: C:\Users\lenovo\.p2\pool\plugins\org.eclipse.m2e.maven.runtime_3.9.601.20240411-1122\jars\maven-resolver-spi-1.9.18.jar
2024-05-07 19:22:22,269 [Worker-3: Launching mavenrun-d2cf34d7-15e6-4784-a360-7b93f9458e3d] INFO  o.eclipse.m2e.core.internal.Bundles - 	Entry: C:\Users\lenovo\.p2\pool\plugins\org.eclipse.m2e.maven.runtime_3.9.601.20240411-1122\jars\maven-resolver-transport-file-1.9.18.jar
2024-05-07 19:22:22,269 [Worker-3: Launching mavenrun-d2cf34d7-15e6-4784-a360-7b93f9458e3d] INFO  o.eclipse.m2e.core.internal.Bundles - 	Entry: C:\Users\lenovo\.p2\pool\plugins\org.eclipse.m2e.maven.runtime_3.9.601.20240411-1122\jars\maven-resolver-transport-http-1.9.18.jar
2024-05-07 19:22:22,270 [Worker-3: Launching mavenrun-d2cf34d7-15e6-4784-a360-7b93f9458e3d] INFO  o.eclipse.m2e.core.internal.Bundles - 	Entry: C:\Users\lenovo\.p2\pool\plugins\org.eclipse.m2e.maven.runtime_3.9.601.20240411-1122\jars\maven-resolver-transport-wagon-1.9.18.jar
2024-05-07 19:22:22,270 [Worker-3: Launching mavenrun-d2cf34d7-15e6-4784-a360-7b93f9458e3d] INFO  o.eclipse.m2e.core.internal.Bundles - 	Entry: C:\Users\lenovo\.p2\pool\plugins\org.eclipse.m2e.maven.runtime_3.9.601.20240411-1122\jars\maven-resolver-util-1.9.18.jar
2024-05-07 19:22:22,270 [Worker-3: Launching mavenrun-d2cf34d7-15e6-4784-a360-7b93f9458e3d] INFO  o.eclipse.m2e.core.internal.Bundles - 	Entry: C:\Users\lenovo\.p2\pool\plugins\org.eclipse.m2e.maven.runtime_3.9.601.20240411-1122\jars\maven-settings-3.9.6.jar
2024-05-07 19:22:22,271 [Worker-3: Launching mavenrun-d2cf34d7-15e6-4784-a360-7b93f9458e3d] INFO  o.eclipse.m2e.core.internal.Bundles - 	Entry: C:\Users\lenovo\.p2\pool\plugins\org.eclipse.m2e.maven.runtime_3.9.601.20240411-1122\jars\maven-settings-builder-3.9.6.jar
2024-05-07 19:22:22,271 [Worker-3: Launching mavenrun-d2cf34d7-15e6-4784-a360-7b93f9458e3d] INFO  o.eclipse.m2e.core.internal.Bundles - 	Entry: C:\Users\lenovo\.p2\pool\plugins\org.eclipse.m2e.maven.runtime_3.9.601.20240411-1122\jars\maven-shared-utils-3.3.4.jar
2024-05-07 19:22:22,271 [Worker-3: Launching mavenrun-d2cf34d7-15e6-4784-a360-7b93f9458e3d] INFO  o.eclipse.m2e.core.internal.Bundles - 	Entry: C:\Users\lenovo\.p2\pool\plugins\org.eclipse.m2e.maven.runtime_3.9.601.20240411-1122\jars\org.eclipse.sisu.inject-0.9.0.M2.jar
2024-05-07 19:22:22,272 [Worker-3: Launching mavenrun-d2cf34d7-15e6-4784-a360-7b93f9458e3d] INFO  o.eclipse.m2e.core.internal.Bundles - 	Entry: C:\Users\lenovo\.p2\pool\plugins\org.eclipse.m2e.maven.runtime_3.9.601.20240411-1122\jars\org.eclipse.sisu.plexus-0.9.0.M2.jar
2024-05-07 19:22:22,272 [Worker-3: Launching mavenrun-d2cf34d7-15e6-4784-a360-7b93f9458e3d] INFO  o.eclipse.m2e.core.internal.Bundles - 	Entry: C:\Users\lenovo\.p2\pool\plugins\org.eclipse.m2e.maven.runtime_3.9.601.20240411-1122\jars\plexus-build-api-0.0.7.jar
2024-05-07 19:22:22,272 [Worker-3: Launching mavenrun-d2cf34d7-15e6-4784-a360-7b93f9458e3d] INFO  o.eclipse.m2e.core.internal.Bundles - 	Entry: C:\Users\lenovo\.p2\pool\plugins\org.eclipse.m2e.maven.runtime_3.9.601.20240411-1122\jars\plexus-build-api-1.2.0.jar
2024-05-07 19:22:22,272 [Worker-3: Launching mavenrun-d2cf34d7-15e6-4784-a360-7b93f9458e3d] INFO  o.eclipse.m2e.core.internal.Bundles - 	Entry: C:\Users\lenovo\.p2\pool\plugins\org.eclipse.m2e.maven.runtime_3.9.601.20240411-1122\jars\plexus-cipher-2.0.jar
2024-05-07 19:22:22,273 [Worker-3: Launching mavenrun-d2cf34d7-15e6-4784-a360-7b93f9458e3d] INFO  o.eclipse.m2e.core.internal.Bundles - 	Entry: C:\Users\lenovo\.p2\pool\plugins\org.eclipse.m2e.maven.runtime_3.9.601.20240411-1122\jars\plexus-classworlds-2.7.0.jar
2024-05-07 19:22:22,273 [Worker-3: Launching mavenrun-d2cf34d7-15e6-4784-a360-7b93f9458e3d] INFO  o.eclipse.m2e.core.internal.Bundles - 	Entry: C:\Users\lenovo\.p2\pool\plugins\org.eclipse.m2e.maven.runtime_3.9.601.20240411-1122\jars\plexus-component-annotations-2.1.0.jar
2024-05-07 19:22:22,273 [Worker-3: Launching mavenrun-d2cf34d7-15e6-4784-a360-7b93f9458e3d] INFO  o.eclipse.m2e.core.internal.Bundles - 	Entry: C:\Users\lenovo\.p2\pool\plugins\org.eclipse.m2e.maven.runtime_3.9.601.20240411-1122\jars\plexus-interpolation-1.26.jar
2024-05-07 19:22:22,274 [Worker-3: Launching mavenrun-d2cf34d7-15e6-4784-a360-7b93f9458e3d] INFO  o.eclipse.m2e.core.internal.Bundles - 	Entry: C:\Users\lenovo\.p2\pool\plugins\org.eclipse.m2e.maven.runtime_3.9.601.20240411-1122\jars\plexus-sec-dispatcher-2.0.jar
2024-05-07 19:22:22,274 [Worker-3: Launching mavenrun-d2cf34d7-15e6-4784-a360-7b93f9458e3d] INFO  o.eclipse.m2e.core.internal.Bundles - 	Entry: C:\Users\lenovo\.p2\pool\plugins\org.eclipse.m2e.maven.runtime_3.9.601.20240411-1122\jars\plexus-utils-3.5.1.jar
2024-05-07 19:22:22,274 [Worker-3: Launching mavenrun-d2cf34d7-15e6-4784-a360-7b93f9458e3d] INFO  o.eclipse.m2e.core.internal.Bundles - 	Entry: C:\Users\lenovo\.p2\pool\plugins\org.eclipse.m2e.maven.runtime_3.9.601.20240411-1122\jars\wagon-file-3.5.3.jar
2024-05-07 19:22:22,275 [Worker-3: Launching mavenrun-d2cf34d7-15e6-4784-a360-7b93f9458e3d] INFO  o.eclipse.m2e.core.internal.Bundles - 	Entry: C:\Users\lenovo\.p2\pool\plugins\org.eclipse.m2e.maven.runtime_3.9.601.20240411-1122\jars\wagon-http-3.5.3.jar
2024-05-07 19:22:22,275 [Worker-3: Launching mavenrun-d2cf34d7-15e6-4784-a360-7b93f9458e3d] INFO  o.eclipse.m2e.core.internal.Bundles - 	Entry: C:\Users\lenovo\.p2\pool\plugins\org.eclipse.m2e.maven.runtime_3.9.601.20240411-1122\jars\wagon-http-shared-3.5.3.jar
2024-05-07 19:22:22,275 [Worker-3: Launching mavenrun-d2cf34d7-15e6-4784-a360-7b93f9458e3d] INFO  o.eclipse.m2e.core.internal.Bundles - 	Entry: C:\Users\lenovo\.p2\pool\plugins\org.eclipse.m2e.maven.runtime_3.9.601.20240411-1122\jars\wagon-provider-api-3.5.3.jar
2024-05-07 19:22:22,278 [Worker-3: Launching mavenrun-d2cf34d7-15e6-4784-a360-7b93f9458e3d] INFO  o.eclipse.m2e.core.internal.Bundles - getClasspathEntries(Bundle=com.google.guava_33.1.0.jre [10])
2024-05-07 19:22:22,279 [Worker-3: Launching mavenrun-d2cf34d7-15e6-4784-a360-7b93f9458e3d] INFO  o.eclipse.m2e.core.internal.Bundles - 	Entry: C:\Users\lenovo\.p2\pool\plugins\com.google.guava_33.1.0.jre.jar
2024-05-07 19:22:22,279 [Worker-3: Launching mavenrun-d2cf34d7-15e6-4784-a360-7b93f9458e3d] INFO  o.eclipse.m2e.core.internal.Bundles - getClasspathEntries(Bundle=slf4j.api_2.0.13 [521])
2024-05-07 19:22:22,280 [Worker-3: Launching mavenrun-d2cf34d7-15e6-4784-a360-7b93f9458e3d] INFO  o.eclipse.m2e.core.internal.Bundles - 	Entry: C:\Users\lenovo\.p2\pool\plugins\slf4j.api_2.0.13.jar
2024-05-07 19:22:22,280 [Worker-3: Launching mavenrun-d2cf34d7-15e6-4784-a360-7b93f9458e3d] INFO  o.eclipse.m2e.core.internal.Bundles - getClasspathEntries(Bundle=jakarta.inject.jakarta.inject-api_1.0.5 [21])
2024-05-07 19:22:22,280 [Worker-3: Launching mavenrun-d2cf34d7-15e6-4784-a360-7b93f9458e3d] INFO  o.eclipse.m2e.core.internal.Bundles - 	Entry: C:\Users\lenovo\.p2\pool\plugins\jakarta.inject.jakarta.inject-api_1.0.5.jar
2024-05-07 19:22:22,280 [Worker-3: Launching mavenrun-d2cf34d7-15e6-4784-a360-7b93f9458e3d] INFO  o.eclipse.m2e.core.internal.Bundles - getClasspathEntries(Bundle=javax.annotation_1.3.5.v20200909-1856 [24])
2024-05-07 19:22:22,281 [Worker-3: Launching mavenrun-d2cf34d7-15e6-4784-a360-7b93f9458e3d] INFO  o.eclipse.m2e.core.internal.Bundles - 	Entry: C:\Users\lenovo\.p2\pool\plugins\javax.annotation_1.3.5.v20200909-1856.jar
2024-05-07 19:22:22,281 [Worker-3: Launching mavenrun-d2cf34d7-15e6-4784-a360-7b93f9458e3d] INFO  o.eclipse.m2e.core.internal.Bundles - getClasspathEntries(Bundle=org.apache.commons.cli_1.7.0 [46])
2024-05-07 19:22:22,282 [Worker-3: Launching mavenrun-d2cf34d7-15e6-4784-a360-7b93f9458e3d] INFO  o.eclipse.m2e.core.internal.Bundles - 	Entry: C:\Users\lenovo\.p2\pool\plugins\org.apache.commons.cli_1.7.0.jar
2024-05-07 19:22:22,282 [Worker-3: Launching mavenrun-d2cf34d7-15e6-4784-a360-7b93f9458e3d] INFO  o.eclipse.m2e.core.internal.Bundles - getClasspathEntries(Bundle=org.apache.commons.commons-codec_1.16.0 [47])
2024-05-07 19:22:22,282 [Worker-3: Launching mavenrun-d2cf34d7-15e6-4784-a360-7b93f9458e3d] INFO  o.eclipse.m2e.core.internal.Bundles - 	Entry: C:\Users\lenovo\.p2\pool\plugins\org.apache.commons.commons-codec_1.16.0.jar
2024-05-07 19:22:22,282 [Worker-3: Launching mavenrun-d2cf34d7-15e6-4784-a360-7b93f9458e3d] INFO  o.eclipse.m2e.core.internal.Bundles - getClasspathEntries(Bundle=org.apache.commons.lang3_3.14.0 [53])
2024-05-07 19:22:22,283 [Worker-3: Launching mavenrun-d2cf34d7-15e6-4784-a360-7b93f9458e3d] INFO  o.eclipse.m2e.core.internal.Bundles - 	Entry: C:\Users\lenovo\.p2\pool\plugins\org.apache.commons.lang3_3.14.0.jar
2024-05-07 19:22:22,283 [Worker-3: Launching mavenrun-d2cf34d7-15e6-4784-a360-7b93f9458e3d] INFO  o.eclipse.m2e.core.internal.Bundles - getClasspathEntries(Bundle=com.google.guava.failureaccess_1.0.2 [11])
2024-05-07 19:22:22,284 [Worker-3: Launching mavenrun-d2cf34d7-15e6-4784-a360-7b93f9458e3d] INFO  o.eclipse.m2e.core.internal.Bundles - 	Entry: C:\Users\lenovo\.p2\pool\plugins\com.google.guava.failureaccess_1.0.2.jar
2024-05-07 19:22:22,382 [Worker-3: Launching mavenrun-d2cf34d7-15e6-4784-a360-7b93f9458e3d] INFO  o.e.m.i.launch.MavenLaunchDelegate - Run build in "C:\Users\lenovo\AppData\Local\Temp\m2e-archetypeGenerator7390768591065482660":
2024-05-07 19:22:22,388 [Worker-3: Launching mavenrun-d2cf34d7-15e6-4784-a360-7b93f9458e3d] INFO  o.e.m.i.launch.MavenLaunchDelegate -  mvn  -DarchetypeGroupId=org.apache.maven.archetypes -DarchetypeArtifactId=maven-archetype-quickstart -DarchetypeVersion=1.1 -DgroupId=demoselenium -DartifactId=demo -Dversion=0.0.1-SNAPSHOT -Dpackage=demoselenium.demo -DoutputDirectory=D:\DemoProject -Dstyle.color=always -U archetype:generate
